INFO:root:Running a function hello
INFO:root:Running a function hello
INFO:root:Running a function hello
INFO:root:Running a function hello
INFO:root:Running a function hello with args ('Dominykas',)
INFO:root:Running a function hello with args ('Dominykas',)
INFO:root:Running a function add with args (10, 59)
INFO:root:Running a function hello with args ('Dominykas',)
INFO:root:Running a function add with args (10, 59)
INFO:root:Running a function hello with args ('Dominykas',)
INFO:root:Running a function add with args (10, 59)
INFO:root:Running a function hello with args ('Dominykas',) and {}
INFO:root:Running a function add with args (10, 59) and {'d': 100, 'c': 213}
INFO:root:Running a function hello with args ('Dominykas',) and {}
INFO:root:Running a function add with args (10, 59) and {'d': 100, 'c': 213}
INFO:root:Running a function hello with args ('Dominykas',) and {}
INFO:root:Running a function add with args (10, 59) and {'d': 100, 'c': 271}
INFO:root:Running a function hello with args ('Dominykas',) and {}
INFO:root:Running a function add with args (10, 59) and {'d': 100, 'c': 271}
INFO:root:Running a function hello with args ('Dominykas',) and {}
INFO:root:Running a function add with args (10, 59) and {'d': 100, 'c': 271}
INFO:root:Running a function with args (1, 2, 3, 5) and {}
INFO:root:Running a function with args ('Dominykas',) and {}
INFO:root:Running a function track_time with args ('Dominykas',) and {}
INFO:root:Running a function track_time with args (1, 2, 3, 4) and {}
INFO:root:Running a function hello with args ('Dominykas',) and {}
INFO:root:Running a function add with args (1, 2, 3, 4) and {}
INFO:root:Running a function hello with args ('Dominykas',) and {}
INFO:root:Running a function add with args (1, 2, 3, 4) and {}
INFO:root:Running a function track_time with args ('Dominykas',) and {}
INFO:root:Running a function track_time with args (1, 2, 3, 4) and {}
INFO:root:Running a function hello with args ('Dominykas',) and {}
INFO:root:Running a function add with args (1, 2, 3, 4) and {}
INFO:root:Running a function track_time with args ('Dominykas',) and {}. Run time is Execution time 3.0040740966796875e-05
INFO:root:Running a function track_time with args (1, 2, 3, 4) and {}. Run time is Execution time 7.152557373046875e-07
